0 info it worked if it ends with ok
1 verbose cli [ '/usr/local/bin/node',
1 verbose cli   '/usr/local/bin/npm',
1 verbose cli   'install',
1 verbose cli   'fis3-deploy-smart-alioss',
1 verbose cli   '--save' ]
2 info using npm@3.8.9
3 info using node@v4.2.6
4 silly loadCurrentTree Starting
5 silly install loadCurrentTree
6 silly install readLocalPackageData
7 silly fetchPackageMetaData fis3-deploy-smart-alioss
8 silly fetchNamedPackageData fis3-deploy-smart-alioss
9 silly mapToRegistry name fis3-deploy-smart-alioss
10 silly mapToRegistry using default registry
11 silly mapToRegistry registry http://registry.npmjs.org/
12 silly mapToRegistry data Result {
12 silly mapToRegistry   raw: 'fis3-deploy-smart-alioss',
12 silly mapToRegistry   scope: null,
12 silly mapToRegistry   name: 'fis3-deploy-smart-alioss',
12 silly mapToRegistry   rawSpec: '',
12 silly mapToRegistry   spec: 'latest',
12 silly mapToRegistry   type: 'tag' }
13 silly mapToRegistry uri http://registry.npmjs.org/fis3-deploy-smart-alioss
14 verbose request uri http://registry.npmjs.org/fis3-deploy-smart-alioss
15 verbose request no auth needed
16 info attempt registry request try #1 at 11:28:18
17 verbose request using bearer token for auth
18 verbose request id 81ef46df78a14188
19 verbose etag "A98M3PC71KRWHTPPCUL3SUQWJ"
20 http request GET http://registry.npmjs.org/fis3-deploy-smart-alioss
21 http 304 http://registry.npmjs.org/fis3-deploy-smart-alioss
22 verbose headers { 'cache-control': 'max-age=300',
22 verbose headers   'accept-ranges': 'bytes',
22 verbose headers   date: 'Tue, 16 Aug 2016 03:28:17 GMT',
22 verbose headers   via: '1.1 varnish',
22 verbose headers   connection: 'keep-alive',
22 verbose headers   'x-served-by': 'cache-itm7427-ITM',
22 verbose headers   'x-cache': 'MISS',
22 verbose headers   'x-cache-hits': '0',
22 verbose headers   'x-timer': 'S1471318097.280263,VS0,VE185',
22 verbose headers   vary: 'Accept-Encoding' }
23 silly get cb [ 304,
23 silly get   { 'cache-control': 'max-age=300',
23 silly get     'accept-ranges': 'bytes',
23 silly get     date: 'Tue, 16 Aug 2016 03:28:17 GMT',
23 silly get     via: '1.1 varnish',
23 silly get     connection: 'keep-alive',
23 silly get     'x-served-by': 'cache-itm7427-ITM',
23 silly get     'x-cache': 'MISS',
23 silly get     'x-cache-hits': '0',
23 silly get     'x-timer': 'S1471318097.280263,VS0,VE185',
23 silly get     vary: 'Accept-Encoding' } ]
24 verbose etag http://registry.npmjs.org/fis3-deploy-smart-alioss from cache
25 verbose get saving fis3-deploy-smart-alioss to /Users/mac/.npm/registry.npmjs.org/fis3-deploy-smart-alioss/.cache.json
26 verbose correctMkdir /Users/mac/.npm correctMkdir not in flight; initializing
27 silly install normalizeTree
28 silly loadCurrentTree Finishing
29 silly loadIdealTree Starting
30 silly install loadIdealTree
31 silly cloneCurrentTree Starting
32 silly install cloneCurrentTreeToIdealTree
33 silly cloneCurrentTree Finishing
34 silly loadShrinkwrap Starting
35 silly install loadShrinkwrap
36 silly loadShrinkwrap Finishing
37 silly loadAllDepsIntoIdealTree Starting
38 silly install loadAllDepsIntoIdealTree
39 silly rollbackFailedOptional Starting
40 silly rollbackFailedOptional Finishing
41 silly runTopLevelLifecycles Starting
42 silly runTopLevelLifecycles Finishing
43 silly install printInstalled
44 verbose stack Error: Refusing to install fis3-deploy-smart-alioss as a dependency of itself
44 verbose stack     at checkSelf (/usr/local/lib/node_modules/npm/lib/install/validate-args.js:53:14)
44 verbose stack     at Array.<anonymous> (/usr/local/lib/node_modules/npm/node_modules/slide/lib/bind-actor.js:15:8)
44 verbose stack     at LOOP (/usr/local/lib/node_modules/npm/node_modules/slide/lib/chain.js:15:14)
44 verbose stack     at chain (/usr/local/lib/node_modules/npm/node_modules/slide/lib/chain.js:20:5)
44 verbose stack     at /usr/local/lib/node_modules/npm/lib/install/validate-args.js:16:5
44 verbose stack     at /usr/local/lib/node_modules/npm/node_modules/slide/lib/async-map.js:52:35
44 verbose stack     at Array.forEach (native)
44 verbose stack     at /usr/local/lib/node_modules/npm/node_modules/slide/lib/async-map.js:52:11
44 verbose stack     at Array.forEach (native)
44 verbose stack     at asyncMap (/usr/local/lib/node_modules/npm/node_modules/slide/lib/async-map.js:51:8)
45 verbose cwd /Users/mac/BETH-zhang/fis3-deploy-alioss
46 error Darwin 15.0.0
47 error argv "/usr/local/bin/node" "/usr/local/bin/npm" "install" "fis3-deploy-smart-alioss" "--save"
48 error node v4.2.6
49 error npm  v3.8.9
50 error code ENOSELF
51 error Refusing to install fis3-deploy-smart-alioss as a dependency of itself
52 error If you need help, you may report this error at:
52 error     <https://github.com/npm/npm/issues>
53 verbose exit [ 1, true ]
